<?xml version="1.0" encoding="UTF-8"?>
<testng-results skipped="0" failed="0" ignored="0" total="1" passed="1">
  <reporter-output>
  </reporter-output>
  <suite name="Command line suite" duration-ms="19646" started-at="2019-06-06T11:27:43Z" finished-at="2019-06-06T11:28:02Z">
    <groups>
    </groups>
    <test name="Command line test" duration-ms="19646" started-at="2019-06-06T11:27:43Z" finished-at="2019-06-06T11:28:02Z">
      <class name="com.crm.qa.testcases.HomePageTest">
        <test-method status="PASS" signature="setUp()[pri:0, instance:com.crm.qa.testcases.HomePageTest@79698539]" name="setUp" is-config="true" duration-ms="18885" started-at="2019-06-06T16:57:43Z" finished-at="2019-06-06T16:58:02Z">
          <reporter-output>
          </reporter-output>
        </test-method> <!-- setUp -->
        <test-method status="PASS" signature="HomePagetitleTest()[pri:1, instance:com.crm.qa.testcases.HomePageTest@79698539]" name="HomePagetitleTest" duration-ms="23" started-at="2019-06-06T16:58:02Z" finished-at="2019-06-06T16:58:02Z">
          <reporter-output>
          </reporter-output>
        </test-method> <!-- HomePagetitleTest -->
        <test-method status="PASS" signature="tearDown()[pri:0, instance:com.crm.qa.testcases.HomePageTest@79698539]" name="tearDown" is-config="true" duration-ms="701" started-at="2019-06-06T16:58:02Z" finished-at="2019-06-06T16:58:02Z">
          <reporter-output>
          </reporter-output>
        </test-method> <!-- tearDown -->
      </class> <!-- com.crm.qa.testcases.HomePageTest -->
    </test> <!-- Command line test -->
  </suite> <!-- Command line suite -->
</testng-results>
