<?xml version="1.0" encoding="UTF-8"?>
<testng-results skipped="0" failed="0" ignored="0" total="1" passed="1">
  <reporter-output>
  </reporter-output>
  <suite name="Command line suite" duration-ms="18907" started-at="2019-07-28T08:56:50Z" finished-at="2019-07-28T08:57:09Z">
    <groups>
    </groups>
    <test name="Command line test" duration-ms="18907" started-at="2019-07-28T08:56:50Z" finished-at="2019-07-28T08:57:09Z">
      <class name="com.crm.qa.testcases.HomePageTest">
        <test-method status="PASS" signature="setUp()[pri:0, instance:com.crm.qa.testcases.HomePageTest@79698539]" name="setUp" is-config="true" duration-ms="17811" started-at="2019-07-28T14:26:50Z" finished-at="2019-07-28T14:27:08Z">
          <reporter-output>
          </reporter-output>
        </test-method> <!-- setUp -->
        <test-method status="PASS" signature="HomePagetitleTest()[pri:1, instance:com.crm.qa.testcases.HomePageTest@79698539]" name="HomePagetitleTest" duration-ms="13" started-at="2019-07-28T14:27:08Z" finished-at="2019-07-28T14:27:08Z">
          <reporter-output>
          </reporter-output>
        </test-method> <!-- HomePagetitleTest -->
        <test-method status="PASS" signature="tearDown()[pri:0, instance:com.crm.qa.testcases.HomePageTest@79698539]" name="tearDown" is-config="true" duration-ms="1053" started-at="2019-07-28T14:27:08Z" finished-at="2019-07-28T14:27:09Z">
          <reporter-output>
          </reporter-output>
        </test-method> <!-- tearDown -->
      </class> <!-- com.crm.qa.testcases.HomePageTest -->
    </test> <!-- Command line test -->
  </suite> <!-- Command line suite -->
</testng-results>
